<?xml version="1.0" encoding="UTF-8"?>
<testsuite name="CRUD All Test"
           tests="2"
           failures="0"
           errors="0"
           skipped="0"
           time="3.461">
    <properties></properties>



            <testcase
                name="testNonBDDStylePOSTPositive"
                time="1.407"
                classname="com.thetestingacademy.ex_22062024.CRUD.POST.Lab272">
            </testcase>
            <testcase
                name="testNonBDDStylePOSTNegative"
                time="2.054"
                classname="com.thetestingacademy.ex_22062024.CRUD.POST.Lab272">
            </testcase>
</testsuite>
