<?xml version="1.0" encoding="UTF-8"?>
<testsuite name="RestAssured"
           tests="2"
           failures="0"
           errors="0"
           skipped="0"
           time="0.020">
    <properties></properties>



            <testcase
                name="getRequest3"
                time="0.002"
                classname="com.thetestingacademy.testng.Lab262">
            </testcase>
            <testcase
                name="getRequest"
                time="0.018"
                classname="com.thetestingacademy.testng.Lab262">
            </testcase>
</testsuite>
