<?xml version="1.0" encoding="UTF-8"?>
<testsuite name="ATB6xRestAssuredLearning"
           tests="3"
           failures="0"
           errors="0"
           skipped="0"
           time="0.020">
    <properties></properties>



            <testcase
                name="testAuthToGetToken"
                time="0.000"
                classname="com.thetestingacademy.ex_25062024.Lab285">
            </testcase>
            <testcase
                name="testAuthToGetToken"
                time="0.001"
                classname="com.thetestingacademy.ex_25062024.Lab285">
            </testcase>
            <testcase
                name="testAuthToGetToken"
                time="0.019"
                classname="com.thetestingacademy.ex_25062024.Lab285">
            </testcase>
</testsuite>
