<?xml version="1.0" encoding="UTF-8"?>
<testsuite name="ATB6xRestAssuredLearning"
           tests="3"
           failures="0"
           errors="0"
           skipped="0"
           time="0.021">
    <properties></properties>



            <testcase
                name="testMethodC"
                time="0.001"
                classname="com.thetestingacademy.ex_25062024.Lab279">
            </testcase>
            <testcase
                name="testMethodA"
                time="0.019"
                classname="com.thetestingacademy.ex_25062024.Lab279">
            </testcase>
            <testcase
                name="testMethodB"
                time="0.001"
                classname="com.thetestingacademy.ex_25062024.Lab279">
            </testcase>
</testsuite>
